Arguments: 
  /home/eddie/.nvm/versions/node/v16.14.2/bin/node /home/eddie/.yarn/bin/yarn.js publish

PATH: 
  /home/eddie/.nvm/versions/node/v16.14.2/bin:/home/eddie/.yarn/bin:/home/eddie/.config/yarn/global/node_modules/.bin:/usr/local/sbin:/usr/local/bin:/usr/sbin:/usr/bin:/sbin:/bin:/usr/games:/usr/local/games:/usr/lib/wsl/lib:/mnt/c/Program Files (x86)/VMware/VMware Player/bin/:/mnt/c/Program Files (x86)/Common Files/Oracle/Java/javapath:/mnt/c/Windows/system32:/mnt/c/Windows:/mnt/c/Windows/System32/Wbem:/mnt/c/Windows/System32/WindowsPowerShell/v1.0/:/mnt/c/Windows/System32/OpenSSH/:/mnt/c/Program Files (x86)/NVIDIA Corporation/PhysX/Common:/mnt/c/Program Files/NVIDIA Corporation/NVIDIA NvDLISR:/mnt/c/Program Files/Git/cmd:/mnt/c/Program Files/dotnet/:/mnt/c/Program Files (x86)/dotnet/:/mnt/c/Program Files/nodejs/:/mnt/c/Program Files/PowerShell/7/:/mnt/c/Users/eddie/AppData/Local/Microsoft/WindowsApps:/mnt/c/Users/eddie/AppData/Local/Programs/Microsoft VS Code/bin:/mnt/c/Users/eddie/.dotnet/tools:/mnt/c/Users/eddie/AppData/Roaming/npm:/snap/bin

Yarn version: 
  1.22.19

Node version: 
  16.14.2

Platform: 
  linux x64

Trace: 
  Error: https://npm.pkg.github.com/eggpoison/-/user/org.couchdb.user:eggpoison: Request "https://npm.pkg.github.com/eggpoison/-/user/org.couchdb.user:eggpoison" returned a 405
      at Request.params.callback [as _callback] (/home/eddie/.yarn/lib/cli.js:66154:18)
      at Request.self.callback (/home/eddie/.yarn/lib/cli.js:140890:22)
      at Request.emit (node:events:526:28)
      at Request.<anonymous> (/home/eddie/.yarn/lib/cli.js:141862:10)
      at Request.emit (node:events:526:28)
      at IncomingMessage.<anonymous> (/home/eddie/.yarn/lib/cli.js:141784:12)
      at Object.onceWrapper (node:events:645:28)
      at IncomingMessage.emit (node:events:538:35)
      at endReadableNT (node:internal/streams/readable:1345:12)
      at processTicksAndRejections (node:internal/process/task_queues:83:21)

npm manifest: 
  {
     "name": "webgl-test-shared",
     "version": "1.0.7",
     "description": "Shared files for webgl-test",
     "main": "lib/index.js",
     "types": "lib/index.d.ts",
     "repository": {
        "url": "https://github.com/eggpoison/webgl-test-shared.git",
        "type": "git"
     },
     "scripts": {
        "build": "tsc"
     },
     "publishConfig": {
        "registry": "https://npm.pkg.github.com/eggpoison"
     },
     "author": "eggpoison <edward.mageev3@gmail.com>",
     "license": "MIT",
     "dependencies": {},
     "devDependencies": {
        "typescript": "^4.7.4"
     }
  }

yarn manifest: 
  No manifest

Lockfile: 
  # THIS IS AN AUTOGENERATED FILE. DO NOT EDIT THIS FILE DIRECTLY.
  # yarn lockfile v1
  
  
  typescript@^4.7.4:
    version "4.7.4"
    resolved "https://registry.yarnpkg.com/typescript/-/typescript-4.7.4.tgz#1a88596d1cf47d59507a1bcdfb5b9dfe4d488235"
    integrity sha512-C0WQT0gezHuw6AdY1M2jxUO83Rjf0HP7Sk1DtXj6j1EwkQNZrHAg2XPWlq62oqEhYvONq5pkC2Y9oPljWToLmQ==
